{"message":"::1 - - [23/Mar/2021:08:44:43 +0000] \"GET /api-docs/ HTTP/1.1\" 304 - \"-\" \"Mozilla/5.0 (Windows NT 10.0; Win64; x64) AppleWebKit/537.36 (KHTML, like Gecko) Chrome/89.0.4389.90 Safari/537.36\"\n","level":"info"}
{"message":"::1 - - [23/Mar/2021:08:44:43 +0000] \"GET /api-docs/swagger-ui.css HTTP/1.1\" 304 - \"http://localhost:3001/api-docs/\" \"Mozilla/5.0 (Windows NT 10.0; Win64; x64) AppleWebKit/537.36 (KHTML, like Gecko) Chrome/89.0.4389.90 Safari/537.36\"\n","level":"info"}
{"message":"::1 - - [23/Mar/2021:08:44:43 +0000] \"GET /api-docs/swagger-ui-init.js HTTP/1.1\" 304 - \"http://localhost:3001/api-docs/\" \"Mozilla/5.0 (Windows NT 10.0; Win64; x64) AppleWebKit/537.36 (KHTML, like Gecko) Chrome/89.0.4389.90 Safari/537.36\"\n","level":"info"}
{"message":"::1 - - [23/Mar/2021:08:44:43 +0000] \"GET /api-docs/swagger-ui-standalone-preset.js HTTP/1.1\" 304 - \"http://localhost:3001/api-docs/\" \"Mozilla/5.0 (Windows NT 10.0; Win64; x64) AppleWebKit/537.36 (KHTML, like Gecko) Chrome/89.0.4389.90 Safari/537.36\"\n","level":"info"}
{"message":"::1 - - [23/Mar/2021:08:44:43 +0000] \"GET /api-docs/swagger-ui-bundle.js HTTP/1.1\" 304 - \"http://localhost:3001/api-docs/\" \"Mozilla/5.0 (Windows NT 10.0; Win64; x64) AppleWebKit/537.36 (KHTML, like Gecko) Chrome/89.0.4389.90 Safari/537.36\"\n","level":"info"}
{"message":"::1 - - [23/Mar/2021:08:44:43 +0000] \"GET /api-docs/favicon-32x32.png HTTP/1.1\" 200 628 \"http://localhost:3001/api-docs/\" \"Mozilla/5.0 (Windows NT 10.0; Win64; x64) AppleWebKit/537.36 (KHTML, like Gecko) Chrome/89.0.4389.90 Safari/537.36\"\n","level":"info"}
{"message":"::1 - - [23/Mar/2021:08:45:01 +0000] \"GET /api-docs/ HTTP/1.1\" 304 - \"-\" \"Mozilla/5.0 (Windows NT 10.0; Win64; x64) AppleWebKit/537.36 (KHTML, like Gecko) Chrome/89.0.4389.90 Safari/537.36\"\n","level":"info"}
{"message":"::1 - - [23/Mar/2021:08:45:01 +0000] \"GET /api-docs/ HTTP/1.1\" 304 - \"-\" \"Mozilla/5.0 (Windows NT 10.0; Win64; x64) AppleWebKit/537.36 (KHTML, like Gecko) Chrome/89.0.4389.90 Safari/537.36\"\n","level":"error"}
{"message":"::1 - - [23/Mar/2021:08:45:01 +0000] \"GET /api-docs/swagger-ui.css HTTP/1.1\" 304 - \"http://localhost:3001/api-docs/\" \"Mozilla/5.0 (Windows NT 10.0; Win64; x64) AppleWebKit/537.36 (KHTML, like Gecko) Chrome/89.0.4389.90 Safari/537.36\"\n","level":"info"}
{"message":"::1 - - [23/Mar/2021:08:45:01 +0000] \"GET /api-docs/swagger-ui.css HTTP/1.1\" 304 - \"http://localhost:3001/api-docs/\" \"Mozilla/5.0 (Windows NT 10.0; Win64; x64) AppleWebKit/537.36 (KHTML, like Gecko) Chrome/89.0.4389.90 Safari/537.36\"\n","level":"error"}
{"message":"::1 - - [23/Mar/2021:08:45:01 +0000] \"GET /api-docs/swagger-ui-bundle.js HTTP/1.1\" 304 - \"http://localhost:3001/api-docs/\" \"Mozilla/5.0 (Windows NT 10.0; Win64; x64) AppleWebKit/537.36 (KHTML, like Gecko) Chrome/89.0.4389.90 Safari/537.36\"\n","level":"info"}
{"message":"::1 - - [23/Mar/2021:08:45:01 +0000] \"GET /api-docs/swagger-ui-bundle.js HTTP/1.1\" 304 - \"http://localhost:3001/api-docs/\" \"Mozilla/5.0 (Windows NT 10.0; Win64; x64) AppleWebKit/537.36 (KHTML, like Gecko) Chrome/89.0.4389.90 Safari/537.36\"\n","level":"error"}
{"message":"::1 - - [23/Mar/2021:08:45:01 +0000] \"GET /api-docs/swagger-ui-standalone-preset.js HTTP/1.1\" 304 - \"http://localhost:3001/api-docs/\" \"Mozilla/5.0 (Windows NT 10.0; Win64; x64) AppleWebKit/537.36 (KHTML, like Gecko) Chrome/89.0.4389.90 Safari/537.36\"\n","level":"info"}
{"message":"::1 - - [23/Mar/2021:08:45:01 +0000] \"GET /api-docs/swagger-ui-standalone-preset.js HTTP/1.1\" 304 - \"http://localhost:3001/api-docs/\" \"Mozilla/5.0 (Windows NT 10.0; Win64; x64) AppleWebKit/537.36 (KHTML, like Gecko) Chrome/89.0.4389.90 Safari/537.36\"\n","level":"error"}
{"message":"::1 - - [23/Mar/2021:08:45:01 +0000] \"GET /api-docs/swagger-ui-init.js HTTP/1.1\" 304 - \"http://localhost:3001/api-docs/\" \"Mozilla/5.0 (Windows NT 10.0; Win64; x64) AppleWebKit/537.36 (KHTML, like Gecko) Chrome/89.0.4389.90 Safari/537.36\"\n","level":"info"}
{"message":"::1 - - [23/Mar/2021:08:45:01 +0000] \"GET /api-docs/swagger-ui-init.js HTTP/1.1\" 304 - \"http://localhost:3001/api-docs/\" \"Mozilla/5.0 (Windows NT 10.0; Win64; x64) AppleWebKit/537.36 (KHTML, like Gecko) Chrome/89.0.4389.90 Safari/537.36\"\n","level":"error"}
{"message":"::1 - - [23/Mar/2021:08:45:01 +0000] \"GET /api-docs/favicon-32x32.png HTTP/1.1\" 200 628 \"http://localhost:3001/api-docs/\" \"Mozilla/5.0 (Windows NT 10.0; Win64; x64) AppleWebKit/537.36 (KHTML, like Gecko) Chrome/89.0.4389.90 Safari/537.36\"\n","level":"info"}
{"message":"::1 - - [23/Mar/2021:08:45:01 +0000] \"GET /api-docs/favicon-32x32.png HTTP/1.1\" 200 628 \"http://localhost:3001/api-docs/\" \"Mozilla/5.0 (Windows NT 10.0; Win64; x64) AppleWebKit/537.36 (KHTML, like Gecko) Chrome/89.0.4389.90 Safari/537.36\"\n","level":"error"}
{"message":"::1 - - [23/Mar/2021:08:45:58 +0000] \"GET /clients HTTP/1.1\" 200 1163 \"http://localhost:3001/api-docs/\" \"Mozilla/5.0 (Windows NT 10.0; Win64; x64) AppleWebKit/537.36 (KHTML, like Gecko) Chrome/89.0.4389.90 Safari/537.36\"\n","level":"info"}
{"message":"::1 - - [23/Mar/2021:08:46:03 +0000] \"GET /clients HTTP/1.1\" 304 - \"http://localhost:3001/api-docs/\" \"Mozilla/5.0 (Windows NT 10.0; Win64; x64) AppleWebKit/537.36 (KHTML, like Gecko) Chrome/89.0.4389.90 Safari/537.36\"\n","level":"info"}
{"message":"::1 - - [23/Mar/2021:08:46:04 +0000] \"GET /clients HTTP/1.1\" 304 - \"http://localhost:3001/api-docs/\" \"Mozilla/5.0 (Windows NT 10.0; Win64; x64) AppleWebKit/537.36 (KHTML, like Gecko) Chrome/89.0.4389.90 Safari/537.36\"\n","level":"info"}
{"message":"::1 - - [23/Mar/2021:08:46:05 +0000] \"GET /clients HTTP/1.1\" 304 - \"http://localhost:3001/api-docs/\" \"Mozilla/5.0 (Windows NT 10.0; Win64; x64) AppleWebKit/537.36 (KHTML, like Gecko) Chrome/89.0.4389.90 Safari/537.36\"\n","level":"info"}
{"message":"test","level":"error"}
{"message":"::1 - - [23/Mar/2021:08:47:04 +0000] \"GET /api-docs/ HTTP/1.1\" 304 - \"-\" \"Mozilla/5.0 (Windows NT 10.0; Win64; x64) AppleWebKit/537.36 (KHTML, like Gecko) Chrome/89.0.4389.90 Safari/537.36\"\n","level":"info"}
{"message":"test","level":"error"}
{"message":"test","level":"error"}
{"message":"::1 - - [23/Mar/2021:08:47:04 +0000] \"GET /api-docs/swagger-ui.css HTTP/1.1\" 304 - \"http://localhost:3001/api-docs/\" \"Mozilla/5.0 (Windows NT 10.0; Win64; x64) AppleWebKit/537.36 (KHTML, like Gecko) Chrome/89.0.4389.90 Safari/537.36\"\n","level":"info"}
{"message":"::1 - - [23/Mar/2021:08:47:04 +0000] \"GET /api-docs/swagger-ui-bundle.js HTTP/1.1\" 304 - \"http://localhost:3001/api-docs/\" \"Mozilla/5.0 (Windows NT 10.0; Win64; x64) AppleWebKit/537.36 (KHTML, like Gecko) Chrome/89.0.4389.90 Safari/537.36\"\n","level":"info"}
{"message":"test","level":"error"}
{"message":"test","level":"error"}
{"message":"::1 - - [23/Mar/2021:08:47:04 +0000] \"GET /api-docs/swagger-ui-init.js HTTP/1.1\" 304 - \"http://localhost:3001/api-docs/\" \"Mozilla/5.0 (Windows NT 10.0; Win64; x64) AppleWebKit/537.36 (KHTML, like Gecko) Chrome/89.0.4389.90 Safari/537.36\"\n","level":"info"}
{"message":"::1 - - [23/Mar/2021:08:47:04 +0000] \"GET /api-docs/swagger-ui-standalone-preset.js HTTP/1.1\" 304 - \"http://localhost:3001/api-docs/\" \"Mozilla/5.0 (Windows NT 10.0; Win64; x64) AppleWebKit/537.36 (KHTML, like Gecko) Chrome/89.0.4389.90 Safari/537.36\"\n","level":"info"}
{"message":"test","level":"error"}
{"message":"::1 - - [23/Mar/2021:08:47:05 +0000] \"GET /api-docs/favicon-32x32.png HTTP/1.1\" 304 - \"http://localhost:3001/api-docs/\" \"Mozilla/5.0 (Windows NT 10.0; Win64; x64) AppleWebKit/537.36 (KHTML, like Gecko) Chrome/89.0.4389.90 Safari/537.36\"\n","level":"info"}
{"message":"test","level":"error"}
{"message":"::1 - - [23/Mar/2021:08:52:53 +0000] \"GET /api-docs/ HTTP/1.1\" 304 - \"-\" \"Mozilla/5.0 (Windows NT 10.0; Win64; x64) AppleWebKit/537.36 (KHTML, like Gecko) Chrome/89.0.4389.90 Safari/537.36\"\n","level":"info"}
{"message":"test","level":"error"}
{"message":"::1 - - [23/Mar/2021:08:52:53 +0000] \"GET /api-docs/swagger-ui.css HTTP/1.1\" 304 - \"http://localhost:3001/api-docs/\" \"Mozilla/5.0 (Windows NT 10.0; Win64; x64) AppleWebKit/537.36 (KHTML, like Gecko) Chrome/89.0.4389.90 Safari/537.36\"\n","level":"info"}
{"message":"test","level":"error"}
{"message":"test","level":"error"}
{"message":"test","level":"error"}
{"message":"::1 - - [23/Mar/2021:08:52:53 +0000] \"GET /api-docs/swagger-ui-init.js HTTP/1.1\" 304 - \"http://localhost:3001/api-docs/\" \"Mozilla/5.0 (Windows NT 10.0; Win64; x64) AppleWebKit/537.36 (KHTML, like Gecko) Chrome/89.0.4389.90 Safari/537.36\"\n","level":"info"}
{"message":"::1 - - [23/Mar/2021:08:52:53 +0000] \"GET /api-docs/swagger-ui-bundle.js HTTP/1.1\" 304 - \"http://localhost:3001/api-docs/\" \"Mozilla/5.0 (Windows NT 10.0; Win64; x64) AppleWebKit/537.36 (KHTML, like Gecko) Chrome/89.0.4389.90 Safari/537.36\"\n","level":"info"}
{"message":"::1 - - [23/Mar/2021:08:52:53 +0000] \"GET /api-docs/swagger-ui-standalone-preset.js HTTP/1.1\" 304 - \"http://localhost:3001/api-docs/\" \"Mozilla/5.0 (Windows NT 10.0; Win64; x64) AppleWebKit/537.36 (KHTML, like Gecko) Chrome/89.0.4389.90 Safari/537.36\"\n","level":"info"}
{"message":"test","level":"error"}
{"message":"::1 - - [23/Mar/2021:08:52:53 +0000] \"GET /api-docs/favicon-32x32.png HTTP/1.1\" 304 - \"http://localhost:3001/api-docs/\" \"Mozilla/5.0 (Windows NT 10.0; Win64; x64) AppleWebKit/537.36 (KHTML, like Gecko) Chrome/89.0.4389.90 Safari/537.36\"\n","level":"info"}
{"message":"test","level":"error"}
{"message":"::1 - - [23/Mar/2021:08:52:56 +0000] \"GET /clients HTTP/1.1\" 500 1344 \"http://localhost:3001/api-docs/\" \"Mozilla/5.0 (Windows NT 10.0; Win64; x64) AppleWebKit/537.36 (KHTML, like Gecko) Chrome/89.0.4389.90 Safari/537.36\"\n","level":"info"}
{"message":"test","level":"error"}
{"message":"::1 - - [23/Mar/2021:08:53:22 +0000] \"GET /api-docs/ HTTP/1.1\" 304 - \"-\" \"Mozilla/5.0 (Windows NT 10.0; Win64; x64) AppleWebKit/537.36 (KHTML, like Gecko) Chrome/89.0.4389.90 Safari/537.36\"\n","level":"info"}
{"message":"test","level":"error"}
{"message":"::1 - - [23/Mar/2021:08:53:22 +0000] \"GET /api-docs/swagger-ui.css HTTP/1.1\" 304 - \"http://localhost:3001/api-docs/\" \"Mozilla/5.0 (Windows NT 10.0; Win64; x64) AppleWebKit/537.36 (KHTML, like Gecko) Chrome/89.0.4389.90 Safari/537.36\"\n","level":"info"}
{"message":"test","level":"error"}
{"message":"test","level":"error"}
{"message":"::1 - - [23/Mar/2021:08:53:22 +0000] \"GET /api-docs/swagger-ui-bundle.js HTTP/1.1\" 304 - \"http://localhost:3001/api-docs/\" \"Mozilla/5.0 (Windows NT 10.0; Win64; x64) AppleWebKit/537.36 (KHTML, like Gecko) Chrome/89.0.4389.90 Safari/537.36\"\n","level":"info"}
{"message":"test","level":"error"}
{"message":"::1 - - [23/Mar/2021:08:53:22 +0000] \"GET /api-docs/swagger-ui-init.js HTTP/1.1\" 304 - \"http://localhost:3001/api-docs/\" \"Mozilla/5.0 (Windows NT 10.0; Win64; x64) AppleWebKit/537.36 (KHTML, like Gecko) Chrome/89.0.4389.90 Safari/537.36\"\n","level":"info"}
{"message":"::1 - - [23/Mar/2021:08:53:22 +0000] \"GET /api-docs/swagger-ui-standalone-preset.js HTTP/1.1\" 304 - \"http://localhost:3001/api-docs/\" \"Mozilla/5.0 (Windows NT 10.0; Win64; x64) AppleWebKit/537.36 (KHTML, like Gecko) Chrome/89.0.4389.90 Safari/537.36\"\n","level":"info"}
{"message":"test","level":"error"}
{"message":"::1 - - [23/Mar/2021:08:53:23 +0000] \"GET /api-docs/favicon-32x32.png HTTP/1.1\" 304 - \"http://localhost:3001/api-docs/\" \"Mozilla/5.0 (Windows NT 10.0; Win64; x64) AppleWebKit/537.36 (KHTML, like Gecko) Chrome/89.0.4389.90 Safari/537.36\"\n","level":"info"}
{"message":"test","level":"error"}
{"message":"::1 - - [23/Mar/2021:08:53:25 +0000] \"GET /clients HTTP/1.1\" 500 1346 \"http://localhost:3001/api-docs/\" \"Mozilla/5.0 (Windows NT 10.0; Win64; x64) AppleWebKit/537.36 (KHTML, like Gecko) Chrome/89.0.4389.90 Safari/537.36\"\n","level":"info"}
{"message":"::1 - - [23/Mar/2021:08:53:43 +0000] \"GET /api-docs/ HTTP/1.1\" 304 - \"-\" \"Mozilla/5.0 (Windows NT 10.0; Win64; x64) AppleWebKit/537.36 (KHTML, like Gecko) Chrome/89.0.4389.90 Safari/537.36\"\n","level":"info"}
{"message":"::1 - - [23/Mar/2021:08:53:43 +0000] \"GET /api-docs/swagger-ui.css HTTP/1.1\" 304 - \"http://localhost:3001/api-docs/\" \"Mozilla/5.0 (Windows NT 10.0; Win64; x64) AppleWebKit/537.36 (KHTML, like Gecko) Chrome/89.0.4389.90 Safari/537.36\"\n","level":"info"}
{"message":"::1 - - [23/Mar/2021:08:53:43 +0000] \"GET /api-docs/swagger-ui-init.js HTTP/1.1\" 304 - \"http://localhost:3001/api-docs/\" \"Mozilla/5.0 (Windows NT 10.0; Win64; x64) AppleWebKit/537.36 (KHTML, like Gecko) Chrome/89.0.4389.90 Safari/537.36\"\n","level":"info"}
{"message":"::1 - - [23/Mar/2021:08:53:43 +0000] \"GET /api-docs/swagger-ui-bundle.js HTTP/1.1\" 304 - \"http://localhost:3001/api-docs/\" \"Mozilla/5.0 (Windows NT 10.0; Win64; x64) AppleWebKit/537.36 (KHTML, like Gecko) Chrome/89.0.4389.90 Safari/537.36\"\n","level":"info"}
{"message":"::1 - - [23/Mar/2021:08:53:43 +0000] \"GET /api-docs/swagger-ui-standalone-preset.js HTTP/1.1\" 304 - \"http://localhost:3001/api-docs/\" \"Mozilla/5.0 (Windows NT 10.0; Win64; x64) AppleWebKit/537.36 (KHTML, like Gecko) Chrome/89.0.4389.90 Safari/537.36\"\n","level":"info"}
{"message":"::1 - - [23/Mar/2021:08:53:43 +0000] \"GET /api-docs/favicon-32x32.png HTTP/1.1\" 304 - \"http://localhost:3001/api-docs/\" \"Mozilla/5.0 (Windows NT 10.0; Win64; x64) AppleWebKit/537.36 (KHTML, like Gecko) Chrome/89.0.4389.90 Safari/537.36\"\n","level":"info"}
{"req":{"headers":{"host":"localhost:3001","connection":"keep-alive","sec-ch-ua":"\"Google Chrome\";v=\"89\", \"Chromium\";v=\"89\", \";Not A Brand\";v=\"99\"","accept":"*/*","sec-ch-ua-mobile":"?0","user-agent":"Mozilla/5.0 (Windows NT 10.0; Win64; x64) AppleWebKit/537.36 (KHTML, like Gecko) Chrome/89.0.4389.90 Safari/537.36","sec-fetch-site":"same-origin","sec-fetch-mode":"cors","sec-fetch-dest":"empty","referer":"http://localhost:3001/api-docs/","accept-encoding":"gzip, deflate, br","accept-language":"ko,ja;q=0.9,en-US;q=0.8,en;q=0.7","cookie":"_ga=GA1.1.1487057220.1582100773; jenkins-timestamper-offset=-32400000"},"query":{},"body":{},"route":{"path":"/","stack":[{"name":"findAllRawQuery","keys":[],"regexp":{"fast_star":false,"fast_slash":false},"method":"get"}],"methods":{"get":true}}},"error":{"message":"err is not defined","stack":"ReferenceError: err is not defined\n    at findAllRawQuery (E:\\dev\\nodejs\\Samples\\node-api-postgresql\\routes\\client.controller.js:15:5)\n    at Layer.handle [as handle_request] (E:\\dev\\nodejs\\Samples\\node-api-postgresql\\node_modules\\express\\lib\\router\\layer.js:95:5)\n    at next (E:\\dev\\nodejs\\Samples\\node-api-postgresql\\node_modules\\express\\lib\\router\\route.js:137:13)\n    at Route.dispatch (E:\\dev\\nodejs\\Samples\\node-api-postgresql\\node_modules\\express\\lib\\router\\route.js:112:3)\n    at Layer.handle [as handle_request] (E:\\dev\\nodejs\\Samples\\node-api-postgresql\\node_modules\\express\\lib\\router\\layer.js:95:5)\n    at E:\\dev\\nodejs\\Samples\\node-api-postgresql\\node_modules\\express\\lib\\router\\index.js:281:22\n    at Function.process_params (E:\\dev\\nodejs\\Samples\\node-api-postgresql\\node_modules\\express\\lib\\router\\index.js:335:12)\n    at next (E:\\dev\\nodejs\\Samples\\node-api-postgresql\\node_modules\\express\\lib\\router\\index.js:275:10)\n    at Function.handle (E:\\dev\\nodejs\\Samples\\node-api-postgresql\\node_modules\\express\\lib\\router\\index.js:174:3)\n    at router (E:\\dev\\nodejs\\Samples\\node-api-postgresql\\node_modules\\express\\lib\\router\\index.js:47:12)"},"level":"error","message":"2021-03-23 17:53:48"}
{"message":"::1 - - [23/Mar/2021:08:53:48 +0000] \"GET /clients HTTP/1.1\" 500 32 \"http://localhost:3001/api-docs/\" \"Mozilla/5.0 (Windows NT 10.0; Win64; x64) AppleWebKit/537.36 (KHTML, like Gecko) Chrome/89.0.4389.90 Safari/537.36\"\n","level":"info"}
{"req":{"headers":{"host":"localhost:3001","connection":"keep-alive","sec-ch-ua":"\"Google Chrome\";v=\"89\", \"Chromium\";v=\"89\", \";Not A Brand\";v=\"99\"","accept":"*/*","sec-ch-ua-mobile":"?0","user-agent":"Mozilla/5.0 (Windows NT 10.0; Win64; x64) AppleWebKit/537.36 (KHTML, like Gecko) Chrome/89.0.4389.90 Safari/537.36","sec-fetch-site":"same-origin","sec-fetch-mode":"cors","sec-fetch-dest":"empty","referer":"http://localhost:3001/api-docs/","accept-encoding":"gzip, deflate, br","accept-language":"ko,ja;q=0.9,en-US;q=0.8,en;q=0.7","cookie":"_ga=GA1.1.1487057220.1582100773; jenkins-timestamper-offset=-32400000"},"query":{},"body":{},"route":{"path":"/","stack":[{"name":"findAllRawQuery","keys":[],"regexp":{"fast_star":false,"fast_slash":false},"method":"get"}],"methods":{"get":true}}},"error":{"message":"err is not defined","stack":"ReferenceError: err is not defined\n    at findAllRawQuery (E:\\dev\\nodejs\\Samples\\node-api-postgresql\\routes\\client.controller.js:15:5)\n    at Layer.handle [as handle_request] (E:\\dev\\nodejs\\Samples\\node-api-postgresql\\node_modules\\express\\lib\\router\\layer.js:95:5)\n    at next (E:\\dev\\nodejs\\Samples\\node-api-postgresql\\node_modules\\express\\lib\\router\\route.js:137:13)\n    at Route.dispatch (E:\\dev\\nodejs\\Samples\\node-api-postgresql\\node_modules\\express\\lib\\router\\route.js:112:3)\n    at Layer.handle [as handle_request] (E:\\dev\\nodejs\\Samples\\node-api-postgresql\\node_modules\\express\\lib\\router\\layer.js:95:5)\n    at E:\\dev\\nodejs\\Samples\\node-api-postgresql\\node_modules\\express\\lib\\router\\index.js:281:22\n    at Function.process_params (E:\\dev\\nodejs\\Samples\\node-api-postgresql\\node_modules\\express\\lib\\router\\index.js:335:12)\n    at next (E:\\dev\\nodejs\\Samples\\node-api-postgresql\\node_modules\\express\\lib\\router\\index.js:275:10)\n    at Function.handle (E:\\dev\\nodejs\\Samples\\node-api-postgresql\\node_modules\\express\\lib\\router\\index.js:174:3)\n    at router (E:\\dev\\nodejs\\Samples\\node-api-postgresql\\node_modules\\express\\lib\\router\\index.js:47:12)"},"level":"error","message":"2021-03-23 17:55:25"}
{"message":"::1 - - [23/Mar/2021:08:55:25 +0000] \"GET /clients HTTP/1.1\" 500 32 \"http://localhost:3001/api-docs/\" \"Mozilla/5.0 (Windows NT 10.0; Win64; x64) AppleWebKit/537.36 (KHTML, like Gecko) Chrome/89.0.4389.90 Safari/537.36\"\n","level":"info"}
{"message":"Connect Database Success..","level":"info"}
{"message":"::1 - - [25/Mar/2021:10:45:51 +0000] \"GET /api-docs/ HTTP/1.1\" 304 - \"-\" \"Mozilla/5.0 (Windows NT 10.0; Win64; x64) AppleWebKit/537.36 (KHTML, like Gecko) Chrome/89.0.4389.90 Safari/537.36\"\n","level":"info"}
{"message":"::1 - - [25/Mar/2021:10:45:51 +0000] \"GET /api-docs/swagger-ui.css HTTP/1.1\" 304 - \"http://localhost:3001/api-docs/\" \"Mozilla/5.0 (Windows NT 10.0; Win64; x64) AppleWebKit/537.36 (KHTML, like Gecko) Chrome/89.0.4389.90 Safari/537.36\"\n","level":"info"}
{"message":"::1 - - [25/Mar/2021:10:45:51 +0000] \"GET /api-docs/swagger-ui-init.js HTTP/1.1\" 304 - \"http://localhost:3001/api-docs/\" \"Mozilla/5.0 (Windows NT 10.0; Win64; x64) AppleWebKit/537.36 (KHTML, like Gecko) Chrome/89.0.4389.90 Safari/537.36\"\n","level":"info"}
{"message":"::1 - - [25/Mar/2021:10:45:51 +0000] \"GET /api-docs/swagger-ui-bundle.js HTTP/1.1\" 304 - \"http://localhost:3001/api-docs/\" \"Mozilla/5.0 (Windows NT 10.0; Win64; x64) AppleWebKit/537.36 (KHTML, like Gecko) Chrome/89.0.4389.90 Safari/537.36\"\n","level":"info"}
{"message":"::1 - - [25/Mar/2021:10:45:51 +0000] \"GET /api-docs/swagger-ui-standalone-preset.js HTTP/1.1\" 304 - \"http://localhost:3001/api-docs/\" \"Mozilla/5.0 (Windows NT 10.0; Win64; x64) AppleWebKit/537.36 (KHTML, like Gecko) Chrome/89.0.4389.90 Safari/537.36\"\n","level":"info"}
{"message":"Connect Database Success..","level":"info"}
{"message":"Connect Database Success..","level":"info"}
{"message":"Connect Database Success..","level":"info"}
{"message":"Connect Database Success..","level":"info"}
{"message":"Connect Database Success..","level":"info"}
